# JRE version: OpenJDK Runtime Environment (8.0_242-b01) (build 1.8.0_242-release-1644-b01)
# Java VM: OpenJDK 64-Bit Server VM (25.242-b01 mixed mode windows-amd64 compressed oops)
Heap:
 PSYoungGen      total 448000K, used 225902K [0x00000000d5580000, 0x00000000fab00000, 0x0000000100000000)
  eden space 346112K, 35% used [0x00000000d5580000,0x00000000dce9bf00,0x00000000ea780000)
  from space 101888K, 99% used [0x00000000ea780000,0x00000000f0aff978,0x00000000f0b00000)
  to   space 118784K, 0% used [0x00000000f3700000,0x00000000f3700000,0x00000000fab00000)
 ParOldGen       total 296960K, used 109249K [0x0000000080000000, 0x0000000092200000, 0x00000000d5580000)
  object space 296960K, 36% used [0x0000000080000000,0x0000000086ab04f8,0x0000000092200000)
 Metaspace       used 144177K, capacity 153561K, committed 153944K, reserved 1183744K
  class space    used 18426K, capacity 20006K, committed 20096K, reserved 1048576K
GC Heap History (10 events):
Event: 5050.963 GC heap before
{Heap before GC invocations=31 (full 4):
 PSYoungGen      total 365056K, used 347722K [0x00000000d5580000, 0x00000000ef580000, 0x0000000100000000)
  eden space 309760K, 100% used [0x00000000d5580000,0x00000000e8400000,0x00000000e8400000)
  from space 55296K, 68% used [0x00000000ebc80000,0x00000000ee192ab0,0x00000000ef280000)
  to   space 57856K, 0% used [0x00000000e8400000,0x00000000e8400000,0x00000000ebc80000)
 ParOldGen       total 296960K, used 70919K [0x0000000080000000, 0x0000000092200000, 0x00000000d5580000)
  object space 296960K, 23% used [0x0000000080000000,0x0000000084541e50,0x0000000092200000)
 Metaspace       used 98869K, capacity 106784K, committed 107096K, reserved 1142784K
  class space    used 12802K, capacity 14110K, committed 14208K, reserved 1048576K
Event: 5051.012 GC heap after
Heap after GC invocations=31 (full 4):
 PSYoungGen      total 367616K, used 57824K [0x00000000d5580000, 0x00000000f3b00000, 0x0000000100000000)
  eden space 309760K, 0% used [0x00000000d5580000,0x00000000d5580000,0x00000000e8400000)
  from space 57856K, 99% used [0x00000000e8400000,0x00000000ebc78358,0x00000000ebc80000)
  to   space 80896K, 0% used [0x00000000eec00000,0x00000000eec00000,0x00000000f3b00000)
 ParOldGen       total 296960K, used 107277K [0x0000000080000000, 0x0000000092200000, 0x00000000d5580000)
  object space 296960K, 36% used [0x0000000080000000,0x00000000868c3500,0x0000000092200000)
 Metaspace       used 98869K, capacity 106784K, committed 107096K, reserved 1142784K
  class space    used 12802K, capacity 14110K, committed 14208K, reserved 1048576K
}
Event: 5266.277 GC heap before
{Heap before GC invocations=32 (full 4):
 PSYoungGen      total 367616K, used 367584K [0x00000000d5580000, 0x00000000f3b00000, 0x0000000100000000)
  eden space 309760K, 100% used [0x00000000d5580000,0x00000000e8400000,0x00000000e8400000)
  from space 57856K, 99% used [0x00000000e8400000,0x00000000ebc78358,0x00000000ebc80000)
  to   space 80896K, 0% used [0x00000000eec00000,0x00000000eec00000,0x00000000f3b00000)
 ParOldGen       total 296960K, used 107277K [0x0000000080000000, 0x0000000092200000, 0x00000000d5580000)
  object space 296960K, 36% used [0x0000000080000000,0x00000000868c3500,0x0000000092200000)
 Metaspace       used 103511K, capacity 111636K, committed 111960K, reserved 1146880K
  class space    used 13376K, capacity 14688K, committed 14720K, reserved 1048576K
Event: 5266.330 GC heap after
Heap after GC invocations=32 (full 4):
 PSYoungGen      total 408576K, used 65347K [0x00000000d5580000, 0x00000000f4580000, 0x0000000100000000)
  eden space 327680K, 0% used [0x00000000d5580000,0x00000000d5580000,0x00000000e9580000)
  from space 80896K, 80% used [0x00000000eec00000,0x00000000f2bd0d28,0x00000000f3b00000)
  to   space 88576K, 0% used [0x00000000e9580000,0x00000000e9580000,0x00000000eec00000)
 ParOldGen       total 296960K, used 107373K [0x0000000080000000, 0x0000000092200000, 0x00000000d5580000)
  object space 296960K, 36% used [0x0000000080000000,0x00000000868db500,0x0000000092200000)
 Metaspace       used 103511K, capacity 111636K, committed 111960K, reserved 1146880K
  class space    used 13376K, capacity 14688K, committed 14720K, reserved 1048576K
}
Event: 5270.987 GC heap before
{Heap before GC invocations=33 (full 4):
 PSYoungGen      total 408576K, used 393027K [0x00000000d5580000, 0x00000000f4580000, 0x0000000100000000)
  eden space 327680K, 100% used [0x00000000d5580000,0x00000000e9580000,0x00000000e9580000)
  from space 80896K, 80% used [0x00000000eec00000,0x00000000f2bd0d28,0x00000000f3b00000)
  to   space 88576K, 0% used [0x00000000e9580000,0x00000000e9580000,0x00000000eec00000)
 ParOldGen       total 296960K, used 107373K [0x0000000080000000, 0x0000000092200000, 0x00000000d5580000)
  object space 296960K, 36% used [0x0000000080000000,0x00000000868db500,0x0000000092200000)
 Metaspace       used 104577K, capacity 112846K, committed 113112K, reserved 1146880K
  class space    used 13472K, capacity 14827K, committed 14848K, reserved 1048576K
Event: 5271.050 GC heap after
Heap after GC invocations=33 (full 4):
 PSYoungGen      total 416256K, used 66723K [0x00000000d5580000, 0x00000000f6800000, 0x0000000100000000)
  eden space 327680K, 0% used [0x00000000d5580000,0x00000000d5580000,0x00000000e9580000)
  from space 88576K, 75% used [0x00000000e9580000,0x00000000ed6a8c68,0x00000000eec00000)
  to   space 95232K, 0% used [0x00000000f0b00000,0x00000000f0b00000,0x00000000f6800000)
 ParOldGen       total 296960K, used 107389K [0x0000000080000000, 0x0000000092200000, 0x00000000d5580000)
  object space 296960K, 36% used [0x0000000080000000,0x00000000868df500,0x0000000092200000)
 Metaspace       used 104577K, capacity 112846K, committed 113112K, reserved 1146880K
  class space    used 13472K, capacity 14827K, committed 14848K, reserved 1048576K
}
Event: 5277.403 GC heap before
{Heap before GC invocations=34 (full 4):
 PSYoungGen      total 416256K, used 394403K [0x00000000d5580000, 0x00000000f6800000, 0x0000000100000000)
  eden space 327680K, 100% used [0x00000000d5580000,0x00000000e9580000,0x00000000e9580000)
  from space 88576K, 75% used [0x00000000e9580000,0x00000000ed6a8c68,0x00000000eec00000)
  to   space 95232K, 0% used [0x00000000f0b00000,0x00000000f0b00000,0x00000000f6800000)
 ParOldGen       total 296960K, used 107389K [0x0000000080000000, 0x0000000092200000, 0x00000000d5580000)
  object space 296960K, 36% used [0x0000000080000000,0x00000000868df500,0x0000000092200000)
 Metaspace       used 110141K, capacity 118814K, committed 119000K, reserved 1153024K
  class space    used 14088K, capacity 15523K, committed 15616K, reserved 1048576K
Event: 5277.464 GC heap after
Heap after GC invocations=34 (full 4):
 PSYoungGen      total 441344K, used 70234K [0x00000000d5580000, 0x00000000f7500000, 0x0000000100000000)
  eden space 346112K, 0% used [0x00000000d5580000,0x00000000d5580000,0x00000000ea780000)
  from space 95232K, 73% used [0x00000000f0b00000,0x00000000f4f96a50,0x00000000f6800000)
  to   space 101888K, 0% used [0x00000000ea780000,0x00000000ea780000,0x00000000f0b00000)
 ParOldGen       total 296960K, used 107397K [0x0000000080000000, 0x0000000092200000, 0x00000000d5580000)
  object space 296960K, 36% used [0x0000000080000000,0x00000000868e1500,0x0000000092200000)
 Metaspace       used 110141K, capacity 118814K, committed 119000K, reserved 1153024K
  class space    used 14088K, capacity 15523K, committed 15616K, reserved 1048576K
}
Event: 5284.716 GC heap before
{Heap before GC invocations=35 (full 4):
 PSYoungGen      total 441344K, used 416346K [0x00000000d5580000, 0x00000000f7500000, 0x0000000100000000)
  eden space 346112K, 100% used [0x00000000d5580000,0x00000000ea780000,0x00000000ea780000)
  from space 95232K, 73% used [0x00000000f0b00000,0x00000000f4f96a50,0x00000000f6800000)
  to   space 101888K, 0% used [0x00000000ea780000,0x00000000ea780000,0x00000000f0b00000)
 ParOldGen       total 296960K, used 107397K [0x0000000080000000, 0x0000000092200000, 0x00000000d5580000)
  object space 296960K, 36% used [0x0000000080000000,0x00000000868e1500,0x0000000092200000)
 Metaspace       used 135903K, capacity 145255K, committed 145624K, reserved 1175552K
  class space    used 17553K, capacity 19075K, committed 19200K, reserved 1048576K
Event: 5284.803 GC heap after
Heap after GC invocations=35 (full 4):
 PSYoungGen      total 448000K, used 101886K [0x00000000d5580000, 0x00000000fab00000, 0x0000000100000000)
  eden space 346112K, 0% used [0x00000000d5580000,0x00000000d5580000,0x00000000ea780000)
  from space 101888K, 99% used [0x00000000ea780000,0x00000000f0aff978,0x00000000f0b00000)
  to   space 118784K, 0% used [0x00000000f3700000,0x00000000f3700000,0x00000000fab00000)
 ParOldGen       total 296960K, used 109249K [0x0000000080000000, 0x0000000092200000, 0x00000000d5580000)
  object space 296960K, 36% used [0x0000000080000000,0x0000000086ab04f8,0x0000000092200000)
 Metaspace       used 135903K, capacity 145255K, committed 145624K, reserved 1175552K
  class space    used 17553K, capacity 19075K, committed 19200K, reserved 1048576K
}

